<?xml version="1.0" encoding="UTF-8"?>
<!-- Generated by org.testng.reporters.JUnitReportReporter -->
<testsuite skipped="0" hostname="Harman" name="sunwing.testcases.SignInTest" tests="1" failures="0" timestamp="04 Apr 2020 01:50:02 GMT" time="0.279" errors="0">
  <testcase name="signInLink" time="0.279" classname="sunwing.testcases.SignInTest"/>
</testsuite> <!-- sunwing.testcases.SignInTest -->
