<?xml version="1.0" encoding="UTF-8"?>
<!-- Generated by org.testng.reporters.JUnitReportReporter -->
<testsuite skipped="0" hostname="Harman" name="sunwing.testcases.HomeTest" tests="1" failures="0" timestamp="04 Apr 2020 00:07:09 GMT" time="0.052" errors="0">
  <testcase name="getTitle" time="0.052" classname="sunwing.testcases.HomeTest"/>
</testsuite> <!-- sunwing.testcases.HomeTest -->
