<?xml version="1.0" encoding="UTF-8"?>
<!-- Generated by org.testng.reporters.JUnitReportReporter -->
<testsuite skipped="0" hostname="Harman" name="sunwing.testcases.SupportTest" tests="1" failures="0" timestamp="04 Apr 2020 01:41:14 GMT" time="5.090" errors="0">
  <testcase name="supportLink" time="5.090" classname="sunwing.testcases.SupportTest"/>
</testsuite> <!-- sunwing.testcases.SupportTest -->
